Build started 20.01.2014 16:29:54.
     1>Project "C:\Users\Kristoffer\Source\Repos\EnergyGame\ProjectEnergy.vcxproj" on node 2 (Build target(s)).
     1>ClCompile:
         C:\Program Files (x86)\Microsoft Visual Studio 12.0\VC\bin\CL.exe /c /IC:\EnergyGameDependencies\glew\include\GL /IC:\EnergyGameDependencies\SDL_image\include /IC:\EnergyGameDependencies\SDL2\include /ZI /nologo /W3 /WX- /sdl /Od /Oy- /D _MBCS /Gm /EHsc /RTC1 /MDd /GS /fp:precise /Zc:wchar_t /Zc:forScope /Fo"Debug\\" /Fd"Debug\vc120.pdb" /Gd /TP /analyze- /errorReport:prompt Source\Camera.cpp Source\Window.cpp Source\main.cpp
         main.cpp
     1>c:\program files (x86)\microsoft visual studio 12.0\vc\include\math.h(1298): warning C4005: 'M_PI' : macro redefinition
                 c:\energygamedependencies\sdl2\include\sdl_stdinc.h(339) : see previous definition of 'M_PI'
     1>c:\users\kristoffer\source\repos\energygame\source\solidsphere.h(25): warning C4244: 'initializing' : conversion from 'double' to 'const float', possible loss of data
     1>c:\users\kristoffer\source\repos\energygame\source\solidsphere.h(26): warning C4244: 'initializing' : conversion from 'double' to 'const float', possible loss of data
     1>c:\users\kristoffer\source\repos\energygame\source\solidsphere.h(35): warning C4018: '<' : signed/unsigned mismatch
     1>c:\users\kristoffer\source\repos\energygame\source\solidsphere.h(36): warning C4244: 'initializing' : conversion from 'double' to 'const float', possible loss of data
     1>c:\users\kristoffer\source\repos\energygame\source\solidsphere.h(37): warning C4244: 'initializing' : conversion from 'double' to 'const float', possible loss of data
     1>c:\users\kristoffer\source\repos\energygame\source\solidsphere.h(38): warning C4244: 'initializing' : conversion from 'double' to 'const float', possible loss of data
     1>c:\users\kristoffer\source\repos\energygame\source\solidsphere.h(54): warning C4018: '<' : signed/unsigned mismatch
     1>c:\users\kristoffer\source\repos\energygame\source\main.cpp(97): warning C4244: 'argument' : conversion from 'float' to 'int', possible loss of data
     1>c:\users\kristoffer\source\repos\energygame\source\main.cpp(51): warning C4101: 'y' : unreferenced local variable
     1>c:\users\kristoffer\source\repos\energygame\source\main.cpp(51): warning C4101: 'x' : unreferenced local variable
     1>c:\users\kristoffer\source\repos\energygame\source\main.cpp(51): warning C4101: 'z' : unreferenced local variable
         Window.cpp
     1>c:\program files (x86)\microsoft visual studio 12.0\vc\include\math.h(1298): warning C4005: 'M_PI' : macro redefinition
                 c:\energygamedependencies\sdl2\include\sdl_stdinc.h(339) : see previous definition of 'M_PI'
     1>c:\users\kristoffer\source\repos\energygame\source\solidsphere.h(25): warning C4244: 'initializing' : conversion from 'double' to 'const float', possible loss of data
     1>c:\users\kristoffer\source\repos\energygame\source\solidsphere.h(26): warning C4244: 'initializing' : conversion from 'double' to 'const float', possible loss of data
     1>c:\users\kristoffer\source\repos\energygame\source\solidsphere.h(35): warning C4018: '<' : signed/unsigned mismatch
     1>c:\users\kristoffer\source\repos\energygame\source\solidsphere.h(36): warning C4244: 'initializing' : conversion from 'double' to 'const float', possible loss of data
     1>c:\users\kristoffer\source\repos\energygame\source\solidsphere.h(37): warning C4244: 'initializing' : conversion from 'double' to 'const float', possible loss of data
     1>c:\users\kristoffer\source\repos\energygame\source\solidsphere.h(38): warning C4244: 'initializing' : conversion from 'double' to 'const float', possible loss of data
     1>c:\users\kristoffer\source\repos\energygame\source\solidsphere.h(54): warning C4018: '<' : signed/unsigned mismatch
         Camera.cpp
         Generating Code...
       Link:
         C:\Program Files (x86)\Microsoft Visual Studio 12.0\VC\bin\link.exe /ERRORREPORT:PROMPT /OUT:"C:\Users\Kristoffer\Source\Repos\EnergyGame\Debug\ProjectEnergy.exe" /INCREMENTAL /NOLOGO /LIBPATH:C:\EnergyGameDependencies\glew\lib\Release\Win32\ /LIBPATH:C:\EnergyGameDependencies\SDL_image\lib\x86 /LIBPATH:C:\EnergyGameDependencies\SDL2\lib\x86 SDL2.lib SDL2main.lib SDL_image.lib OpenGL32.lib glu32.lib kernel32.lib user32.lib gdi32.lib winspool.lib comdlg32.lib advapi32.lib shell32.lib ole32.lib oleaut32.lib uuid.lib odbc32.lib odbccp32.lib /MANIFEST /MANIFESTUAC:"level='asInvoker' uiAccess='false'" /manifest:embed /DEBUG /PDB:"C:\Users\Kristoffer\Source\Repos\EnergyGame\Debug\ProjectEnergy.pdb" /SUBSYSTEM:CONSOLE /TLBID:1 /DYNAMICBASE /NXCOMPAT /IMPLIB:"C:\Users\Kristoffer\Source\Repos\EnergyGame\Debug\ProjectEnergy.lib" /MACHINE:X86 Debug\Camera.obj
         Debug\main.obj
         Debug\test.obj
         Debug\Window.obj
         ProjectEnergy.vcxproj -> C:\Users\Kristoffer\Source\Repos\EnergyGame\Debug\ProjectEnergy.exe
     1>Done Building Project "C:\Users\Kristoffer\Source\Repos\EnergyGame\ProjectEnergy.vcxproj" (Build target(s)).

Build succeeded.

Time Elapsed 00:00:01.11
